Traceback (most recent call last):
  File "/opt/hostedtoolcache/Python/3.7.9/x64/lib/python3.7/site-packages/jupyter_cache/executors/utils.py", line 56, in single_nb_execution
    record_timing=False,
  File "/opt/hostedtoolcache/Python/3.7.9/x64/lib/python3.7/site-packages/nbclient/client.py", line 1107, in execute
    return NotebookClient(nb=nb, resources=resources, km=km, **kwargs).execute()
  File "/opt/hostedtoolcache/Python/3.7.9/x64/lib/python3.7/site-packages/nbclient/util.py", line 74, in wrapped
    return just_run(coro(*args, **kwargs))
  File "/opt/hostedtoolcache/Python/3.7.9/x64/lib/python3.7/site-packages/nbclient/util.py", line 53, in just_run
    return loop.run_until_complete(coro)
  File "/opt/hostedtoolcache/Python/3.7.9/x64/lib/python3.7/asyncio/base_events.py", line 587, in run_until_complete
    return future.result()
  File "/opt/hostedtoolcache/Python/3.7.9/x64/lib/python3.7/site-packages/nbclient/client.py", line 554, in async_execute
    cell, index, execution_count=self.code_cells_executed + 1
  File "/opt/hostedtoolcache/Python/3.7.9/x64/lib/python3.7/site-packages/nbclient/client.py", line 852, in async_execute_cell
    self._check_raise_for_error(cell, exec_reply)
  File "/opt/hostedtoolcache/Python/3.7.9/x64/lib/python3.7/site-packages/nbclient/client.py", line 760, in _check_raise_for_error
    raise CellExecutionError.from_cell_and_msg(cell, exec_reply_content)
nbclient.exceptions.CellExecutionError: An error occurred while executing the following cell:
------------------
xl_sykefravaer = pd.ExcelFile(EXCEL_URL)
xl_sykefravaer.sheet_names
------------------

[0;31m---------------------------------------------------------------------------[0m
[0;31mHTTPError[0m                                 Traceback (most recent call last)
[0;32m<ipython-input-7-e2ffe03fcc79>[0m in [0;36m<module>[0;34m[0m
[0;32m----> 1[0;31m [0mxl_sykefravaer[0m [0;34m=[0m [0mpd[0m[0;34m.[0m[0mExcelFile[0m[0;34m([0m[0mEXCEL_URL[0m[0;34m)[0m[0;34m[0m[0;34m[0m[0m
[0m[1;32m      2[0m [0mxl_sykefravaer[0m[0;34m.[0m[0msheet_names[0m[0;34m[0m[0;34m[0m[0m

[0;32m/opt/hostedtoolcache/Python/3.7.9/x64/lib/python3.7/site-packages/pandas/io/excel/_base.py[0m in [0;36m__init__[0;34m(self, path_or_buffer, engine, storage_options)[0m
[1;32m   1061[0m             [0;31m# path_or_buffer is path-like, use stringified path[0m[0;34m[0m[0;34m[0m[0;34m[0m[0m
[1;32m   1062[0m             ext = inspect_excel_format(
[0;32m-> 1063[0;31m                 [0mpath[0m[0;34m=[0m[0mstr[0m[0;34m([0m[0mself[0m[0;34m.[0m[0m_io[0m[0;34m)[0m[0;34m,[0m [0mstorage_options[0m[0;34m=[0m[0mstorage_options[0m[0;34m[0m[0;34m[0m[0m
[0m[1;32m   1064[0m             )
[1;32m   1065[0m [0;34m[0m[0m

[0;32m/opt/hostedtoolcache/Python/3.7.9/x64/lib/python3.7/site-packages/pandas/io/excel/_base.py[0m in [0;36minspect_excel_format[0;34m(path, content, storage_options)[0m
[1;32m    937[0m [0;34m[0m[0m
[1;32m    938[0m     with get_handle(
[0;32m--> 939[0;31m         [0mcontent_or_path[0m[0;34m,[0m [0;34m"rb"[0m[0;34m,[0m [0mstorage_options[0m[0;34m=[0m[0mstorage_options[0m[0;34m,[0m [0mis_text[0m[0;34m=[0m[0;32mFalse[0m[0;34m[0m[0;34m[0m[0m
[0m[1;32m    940[0m     ) as handle:
[1;32m    941[0m         [0mstream[0m [0;34m=[0m [0mhandle[0m[0;34m.[0m[0mhandle[0m[0;34m[0m[0;34m[0m[0m

[0;32m/opt/hostedtoolcache/Python/3.7.9/x64/lib/python3.7/site-packages/pandas/io/common.py[0m in [0;36mget_handle[0;34m(path_or_buf, mode, encoding, compression, memory_map, is_text, errors, storage_options)[0m
[1;32m    561[0m         [0mcompression[0m[0;34m=[0m[0mcompression[0m[0;34m,[0m[0;34m[0m[0;34m[0m[0m
[1;32m    562[0m         [0mmode[0m[0;34m=[0m[0mmode[0m[0;34m,[0m[0;34m[0m[0;34m[0m[0m
[0;32m--> 563[0;31m         [0mstorage_options[0m[0;34m=[0m[0mstorage_options[0m[0;34m,[0m[0;34m[0m[0;34m[0m[0m
[0m[1;32m    564[0m     )
[1;32m    565[0m [0;34m[0m[0m

[0;32m/opt/hostedtoolcache/Python/3.7.9/x64/lib/python3.7/site-packages/pandas/io/common.py[0m in [0;36m_get_filepath_or_buffer[0;34m(filepath_or_buffer, encoding, compression, mode, storage_options)[0m
[1;32m    286[0m                 [0;34m"storage_options passed with file object or non-fsspec file path"[0m[0;34m[0m[0;34m[0m[0m
[1;32m    287[0m             )
[0;32m--> 288[0;31m         [0mreq[0m [0;34m=[0m [0murlopen[0m[0;34m([0m[0mfilepath_or_buffer[0m[0;34m)[0m[0;34m[0m[0;34m[0m[0m
[0m[1;32m    289[0m         [0mcontent_encoding[0m [0;34m=[0m [0mreq[0m[0;34m.[0m[0mheaders[0m[0;34m.[0m[0mget[0m[0;34m([0m[0;34m"Content-Encoding"[0m[0;34m,[0m [0;32mNone[0m[0;34m)[0m[0;34m[0m[0;34m[0m[0m
[1;32m    290[0m         [0;32mif[0m [0mcontent_encoding[0m [0;34m==[0m [0;34m"gzip"[0m[0;34m:[0m[0;34m[0m[0;34m[0m[0m

[0;32m/opt/hostedtoolcache/Python/3.7.9/x64/lib/python3.7/site-packages/pandas/io/common.py[0m in [0;36murlopen[0;34m(*args, **kwargs)[0m
[1;32m    192[0m     [0;32mimport[0m [0murllib[0m[0;34m.[0m[0mrequest[0m[0;34m[0m[0;34m[0m[0m
[1;32m    193[0m [0;34m[0m[0m
[0;32m--> 194[0;31m     [0;32mreturn[0m [0murllib[0m[0;34m.[0m[0mrequest[0m[0;34m.[0m[0murlopen[0m[0;34m([0m[0;34m*[0m[0margs[0m[0;34m,[0m [0;34m**[0m[0mkwargs[0m[0;34m)[0m[0;34m[0m[0;34m[0m[0m
[0m[1;32m    195[0m [0;34m[0m[0m
[1;32m    196[0m [0;34m[0m[0m

[0;32m/opt/hostedtoolcache/Python/3.7.9/x64/lib/python3.7/urllib/request.py[0m in [0;36murlopen[0;34m(url, data, timeout, cafile, capath, cadefault, context)[0m
[1;32m    220[0m     [0;32melse[0m[0;34m:[0m[0;34m[0m[0;34m[0m[0m
[1;32m    221[0m         [0mopener[0m [0;34m=[0m [0m_opener[0m[0;34m[0m[0;34m[0m[0m
[0;32m--> 222[0;31m     [0;32mreturn[0m [0mopener[0m[0;34m.[0m[0mopen[0m[0;34m([0m[0murl[0m[0;34m,[0m [0mdata[0m[0;34m,[0m [0mtimeout[0m[0;34m)[0m[0;34m[0m[0;34m[0m[0m
[0m[1;32m    223[0m [0;34m[0m[0m
[1;32m    224[0m [0;32mdef[0m [0minstall_opener[0m[0;34m([0m[0mopener[0m[0;34m)[0m[0;34m:[0m[0;34m[0m[0;34m[0m[0m

[0;32m/opt/hostedtoolcache/Python/3.7.9/x64/lib/python3.7/urllib/request.py[0m in [0;36mopen[0;34m(self, fullurl, data, timeout)[0m
[1;32m    529[0m         [0;32mfor[0m [0mprocessor[0m [0;32min[0m [0mself[0m[0;34m.[0m[0mprocess_response[0m[0;34m.[0m[0mget[0m[0;34m([0m[0mprotocol[0m[0;34m,[0m [0;34m[[0m[0;34m][0m[0;34m)[0m[0;34m:[0m[0;34m[0m[0;34m[0m[0m
[1;32m    530[0m             [0mmeth[0m [0;34m=[0m [0mgetattr[0m[0;34m([0m[0mprocessor[0m[0;34m,[0m [0mmeth_name[0m[0;34m)[0m[0;34m[0m[0;34m[0m[0m
[0;32m--> 531[0;31m             [0mresponse[0m [0;34m=[0m [0mmeth[0m[0;34m([0m[0mreq[0m[0;34m,[0m [0mresponse[0m[0;34m)[0m[0;34m[0m[0;34m[0m[0m
[0m[1;32m    532[0m [0;34m[0m[0m
[1;32m    533[0m         [0;32mreturn[0m [0mresponse[0m[0;34m[0m[0;34m[0m[0m

[0;32m/opt/hostedtoolcache/Python/3.7.9/x64/lib/python3.7/urllib/request.py[0m in [0;36mhttp_response[0;34m(self, request, response)[0m
[1;32m    639[0m         [0;32mif[0m [0;32mnot[0m [0;34m([0m[0;36m200[0m [0;34m<=[0m [0mcode[0m [0;34m<[0m [0;36m300[0m[0;34m)[0m[0;34m:[0m[0;34m[0m[0;34m[0m[0m
[1;32m    640[0m             response = self.parent.error(
[0;32m--> 641[0;31m                 'http', request, response, code, msg, hdrs)
[0m[1;32m    642[0m [0;34m[0m[0m
[1;32m    643[0m         [0;32mreturn[0m [0mresponse[0m[0;34m[0m[0;34m[0m[0m

[0;32m/opt/hostedtoolcache/Python/3.7.9/x64/lib/python3.7/urllib/request.py[0m in [0;36merror[0;34m(self, proto, *args)[0m
[1;32m    567[0m         [0;32mif[0m [0mhttp_err[0m[0;34m:[0m[0;34m[0m[0;34m[0m[0m
[1;32m    568[0m             [0margs[0m [0;34m=[0m [0;34m([0m[0mdict[0m[0;34m,[0m [0;34m'default'[0m[0;34m,[0m [0;34m'http_error_default'[0m[0;34m)[0m [0;34m+[0m [0morig_args[0m[0;34m[0m[0;34m[0m[0m
[0;32m--> 569[0;31m             [0;32mreturn[0m [0mself[0m[0;34m.[0m[0m_call_chain[0m[0;34m([0m[0;34m*[0m[0margs[0m[0;34m)[0m[0;34m[0m[0;34m[0m[0m
[0m[1;32m    570[0m [0;34m[0m[0m
[1;32m    571[0m [0;31m# XXX probably also want an abstract factory that knows when it makes[0m[0;34m[0m[0;34m[0m[0;34m[0m[0m

[0;32m/opt/hostedtoolcache/Python/3.7.9/x64/lib/python3.7/urllib/request.py[0m in [0;36m_call_chain[0;34m(self, chain, kind, meth_name, *args)[0m
[1;32m    501[0m         [0;32mfor[0m [0mhandler[0m [0;32min[0m [0mhandlers[0m[0;34m:[0m[0;34m[0m[0;34m[0m[0m
[1;32m    502[0m             [0mfunc[0m [0;34m=[0m [0mgetattr[0m[0;34m([0m[0mhandler[0m[0;34m,[0m [0mmeth_name[0m[0;34m)[0m[0;34m[0m[0;34m[0m[0m
[0;32m--> 503[0;31m             [0mresult[0m [0;34m=[0m [0mfunc[0m[0;34m([0m[0;34m*[0m[0margs[0m[0;34m)[0m[0;34m[0m[0;34m[0m[0m
[0m[1;32m    504[0m             [0;32mif[0m [0mresult[0m [0;32mis[0m [0;32mnot[0m [0;32mNone[0m[0;34m:[0m[0;34m[0m[0;34m[0m[0m
[1;32m    505[0m                 [0;32mreturn[0m [0mresult[0m[0;34m[0m[0;34m[0m[0m

[0;32m/opt/hostedtoolcache/Python/3.7.9/x64/lib/python3.7/urllib/request.py[0m in [0;36mhttp_error_default[0;34m(self, req, fp, code, msg, hdrs)[0m
[1;32m    647[0m [0;32mclass[0m [0mHTTPDefaultErrorHandler[0m[0;34m([0m[0mBaseHandler[0m[0;34m)[0m[0;34m:[0m[0;34m[0m[0;34m[0m[0m
[1;32m    648[0m     [0;32mdef[0m [0mhttp_error_default[0m[0;34m([0m[0mself[0m[0;34m,[0m [0mreq[0m[0;34m,[0m [0mfp[0m[0;34m,[0m [0mcode[0m[0;34m,[0m [0mmsg[0m[0;34m,[0m [0mhdrs[0m[0;34m)[0m[0;34m:[0m[0;34m[0m[0;34m[0m[0m
[0;32m--> 649[0;31m         [0;32mraise[0m [0mHTTPError[0m[0;34m([0m[0mreq[0m[0;34m.[0m[0mfull_url[0m[0;34m,[0m [0mcode[0m[0;34m,[0m [0mmsg[0m[0;34m,[0m [0mhdrs[0m[0;34m,[0m [0mfp[0m[0;34m)[0m[0;34m[0m[0;34m[0m[0m
[0m[1;32m    650[0m [0;34m[0m[0m
[1;32m    651[0m [0;32mclass[0m [0mHTTPRedirectHandler[0m[0;34m([0m[0mBaseHandler[0m[0;34m)[0m[0;34m:[0m[0;34m[0m[0;34m[0m[0m

[0;31mHTTPError[0m: HTTP Error 404: Not Found
HTTPError: HTTP Error 404: Not Found

